[p.w3layouts.com/demos_new/template_demo/30-03-2020/pizzapan-liberty-demo_Free/1781439321/web/index6392.html]
[backblue.gif]
[fade.gif]
[index.html]
[p.w3layouts.com/demos_new/template_demo/30-03-2020/pizzapan-liberty-demo_Free/1781439321/web/assets/css/style-liberty.css]
[m.servedby-buysellads.com/monetization.js]
[p.w3layouts.com/assests/css/font-awesome.min.css]
[p.w3layouts.com/demos_new/template_demo/30-03-2020/pizzapan-liberty-demo_Free/1781439321/web/index.html]
[p.w3layouts.com/demos_new/template_demo/30-03-2020/pizzapan-liberty-demo_Free/1781439321/web/about.html]
[p.w3layouts.com/demos_new/template_demo/30-03-2020/pizzapan-liberty-demo_Free/1781439321/web/services.html]
[p.w3layouts.com/demos_new/template_demo/30-03-2020/pizzapan-liberty-demo_Free/1781439321/web/blog.html]
[p.w3layouts.com/demos_new/template_demo/30-03-2020/pizzapan-liberty-demo_Free/1781439321/web/blog-single.html]
[p.w3layouts.com/demos_new/template_demo/30-03-2020/pizzapan-liberty-demo_Free/1781439321/web/contact.html]
[p.w3layouts.com/demos_new/template_demo/30-03-2020/pizzapan-liberty-demo_Free/1781439321/web/assets/images/p1.jpg]
[p.w3layouts.com/demos_new/template_demo/30-03-2020/pizzapan-liberty-demo_Free/1781439321/web/assets/images/pizza-full.png]
[p.w3layouts.com/demos_new/template_demo/30-03-2020/pizzapan-liberty-demo_Free/1781439321/web/blog1.html]
[p.w3layouts.com/demos_new/template_demo/30-03-2020/pizzapan-liberty-demo_Free/1781439321/web/assets/images/pizza.png]
[p.w3layouts.com/demos_new/template_demo/30-03-2020/pizzapan-liberty-demo_Free/1781439321/web/assets/images/burger.png]
[p.w3layouts.com/demos_new/template_demo/30-03-2020/pizzapan-liberty-demo_Free/1781439321/web/assets/images/drink.png]
[p.w3layouts.com/demos_new/template_demo/30-03-2020/pizzapan-liberty-demo_Free/1781439321/web/assets/images/fries.png]
[p.w3layouts.com/demos_new/template_demo/30-03-2020/pizzapan-liberty-demo_Free/1781439321/web/assets/images/a1.jpg]
[p.w3layouts.com/demos_new/template_demo/30-03-2020/pizzapan-liberty-demo_Free/1781439321/web/assets/images/g6.jpg]
[p.w3layouts.com/demos_new/template_demo/30-03-2020/pizzapan-liberty-demo_Free/1781439321/web/assets/images/g1.jpg]
[p.w3layouts.com/demos_new/template_demo/30-03-2020/pizzapan-liberty-demo_Free/1781439321/web/assets/images/g2.jpg]
[p.w3layouts.com/demos_new/template_demo/30-03-2020/pizzapan-liberty-demo_Free/1781439321/web/assets/images/g3.jpg]
[p.w3layouts.com/demos_new/template_demo/30-03-2020/pizzapan-liberty-demo_Free/1781439321/web/assets/images/p2.jpg]
[p.w3layouts.com/demos_new/template_demo/30-03-2020/pizzapan-liberty-demo_Free/1781439321/web/assets/images/p3.jpg]
[p.w3layouts.com/demos_new/template_demo/30-03-2020/pizzapan-liberty-demo_Free/1781439321/web/assets/images/p4.jpg]
[p.w3layouts.com/demos_new/template_demo/30-03-2020/pizzapan-liberty-demo_Free/1781439321/web/assets/images/p5.jpg]
[p.w3layouts.com/demos_new/template_demo/30-03-2020/pizzapan-liberty-demo_Free/1781439321/web/assets/images/client1.jpg]
[p.w3layouts.com/demos_new/template_demo/30-03-2020/pizzapan-liberty-demo_Free/1781439321/web/assets/images/client2.jpg]
[p.w3layouts.com/demos_new/template_demo/30-03-2020/pizzapan-liberty-demo_Free/1781439321/web/assets/images/client3.jpg]
[p.w3layouts.com/demos_new/template_demo/30-03-2020/pizzapan-liberty-demo_Free/1781439321/web/assets/images/client4.jpg]
[p.w3layouts.com/cdn-cgi/scripts/5c5dd728/cloudflare-static/email-decode.min.js]
[p.w3layouts.com/demos_new/template_demo/30-03-2020/pizzapan-liberty-demo_Free/1781439321/web/assets/js/jquery-3.3.1.min.js]
[p.w3layouts.com/demos_new/template_demo/30-03-2020/pizzapan-liberty-demo_Free/1781439321/web/assets/js/lightbox-plus-jquery.min.js]
[p.w3layouts.com/demos_new/template_demo/30-03-2020/pizzapan-liberty-demo_Free/1781439321/web/assets/js/jquery.magnific-popup.min.js]
[p.w3layouts.com/demos_new/template_demo/30-03-2020/pizzapan-liberty-demo_Free/1781439321/web/assets/js/counter.js]
[p.w3layouts.com/demos_new/template_demo/30-03-2020/pizzapan-liberty-demo_Free/1781439321/web/assets/js/owl.carousel.js]
[p.w3layouts.com/demos_new/template_demo/30-03-2020/pizzapan-liberty-demo_Free/1781439321/web/assets/js/bootstrap.min.js]
[p.w3layouts.com/demos_new/template_demo/30-03-2020/pizzapan-liberty-demo_Free/1781439321/web/index6392.html]
[p.w3layouts.com/cdn-cgi/challenge-platform/h/g/scripts/jsd/54ea73d52131/main.js]
[p.w3layouts.com/demos_new/template_demo/30-03-2020/pizzapan-liberty-demo_Free/1781439321/web/assets/fonts/fontawesome-webfont3e6e.eot]
[p.w3layouts.com/demos_new/template_demo/30-03-2020/pizzapan-liberty-demo_Free/1781439321/web/assets/fonts/fontawesome-webfontd41d.eot]
[p.w3layouts.com/demos_new/template_demo/30-03-2020/pizzapan-liberty-demo_Free/1781439321/web/assets/fonts/fontawesome-webfont3e6e.woff2]
[p.w3layouts.com/demos_new/template_demo/30-03-2020/pizzapan-liberty-demo_Free/1781439321/web/assets/fonts/fontawesome-webfont3e6e.woff]
[p.w3layouts.com/demos_new/template_demo/30-03-2020/pizzapan-liberty-demo_Free/1781439321/web/assets/fonts/fontawesome-webfont3e6e.ttf]
[p.w3layouts.com/demos_new/template_demo/30-03-2020/pizzapan-liberty-demo_Free/1781439321/web/assets/fonts/fontawesome-webfont3e6e.svg]
[p.w3layouts.com/demos_new/template_demo/30-03-2020/pizzapan-liberty-demo_Free/1781439321/web/assets/images/slide4.jpg]
[p.w3layouts.com/demos_new/template_demo/30-03-2020/pizzapan-liberty-demo_Free/1781439321/web/assets/images/slide5.jpg]
[p.w3layouts.com/demos_new/template_demo/30-03-2020/pizzapan-liberty-demo_Free/1781439321/web/assets/images/slide1.jpg]
[p.w3layouts.com/demos_new/template_demo/30-03-2020/pizzapan-liberty-demo_Free/1781439321/web/assets/images/slide2.jpg]
[p.w3layouts.com/demos_new/template_demo/30-03-2020/pizzapan-liberty-demo_Free/1781439321/web/assets/images/slide3.jpg]
[p.w3layouts.com/demos_new/template_demo/30-03-2020/pizzapan-liberty-demo_Free/1781439321/web/assets/images/menu.png]
[p.w3layouts.com/demos_new/template_demo/30-03-2020/pizzapan-liberty-demo_Free/1781439321/web/assets/css/owl.video.play.png]
[p.w3layouts.com/demos_new/template_demo/30-03-2020/pizzapan-liberty-demo_Free/1781439321/web/assets/images/loading.gif]
[p.w3layouts.com/demos_new/template_demo/30-03-2020/pizzapan-liberty-demo_Free/1781439321/web/assets/images/img-sprite.png]
[p.w3layouts.com/demos_new/template_demo/30-03-2020/pizzapan-liberty-demo_Free/1781439321/web/assets/images/close.png]
[p.w3layouts.com/demos_new/template_demo/30-03-2020/pizzapan-liberty-demo_Free/1781439321/web/assets/images/stats.jpg]
[p.w3layouts.com/demos_new/template_demo/30-03-2020/pizzapan-liberty-demo_Free/1781439321/web/assets/images/team.png]
[p.w3layouts.com/demos_new/template_demo/30-03-2020/pizzapan-liberty-demo_Free/1781439321/web/assets/images/c11-bg.jpg]
[p.w3layouts.com/demos_new/template_demo/30-03-2020/pizzapan-liberty-demo_Free/1781439321/web/assets/css/style-liberty.css]
[p.w3layouts.com/assests/css/font-awesome.min.css]
[p.w3layouts.com/demos_new/template_demo/30-03-2020/pizzapan-liberty-demo_Free/1781439321/web/index.html]
[p.w3layouts.com/demos_new/template_demo/30-03-2020/pizzapan-liberty-demo_Free/1781439321/web/assets/images/team1.jpg]
[p.w3layouts.com/demos_new/template_demo/30-03-2020/pizzapan-liberty-demo_Free/1781439321/web/assets/images/team2.jpg]
[p.w3layouts.com/demos_new/template_demo/30-03-2020/pizzapan-liberty-demo_Free/1781439321/web/assets/images/team3.jpg]
[p.w3layouts.com/demos_new/template_demo/30-03-2020/pizzapan-liberty-demo_Free/1781439321/web/assets/images/team4.jpg]
[p.w3layouts.com/demos_new/template_demo/30-03-2020/pizzapan-liberty-demo_Free/1781439321/web/about.html]
[p.w3layouts.com/demos_new/template_demo/30-03-2020/pizzapan-liberty-demo_Free/1781439321/web/services.html]
[p.w3layouts.com/demos_new/template_demo/30-03-2020/pizzapan-liberty-demo_Free/1781439321/web/assets/images/blog1.jpg]
[p.w3layouts.com/demos_new/template_demo/30-03-2020/pizzapan-liberty-demo_Free/1781439321/web/assets/images/blog2.jpg]
[p.w3layouts.com/demos_new/template_demo/30-03-2020/pizzapan-liberty-demo_Free/1781439321/web/assets/images/blog3.jpg]
[p.w3layouts.com/demos_new/template_demo/30-03-2020/pizzapan-liberty-demo_Free/1781439321/web/blog.html]
[p.w3layouts.com/demos_new/template_demo/30-03-2020/pizzapan-liberty-demo_Free/1781439321/web/assets/images/t1.jpg]
[p.w3layouts.com/demos_new/template_demo/30-03-2020/pizzapan-liberty-demo_Free/1781439321/web/assets/images/t2.jpg]
[p.w3layouts.com/demos_new/template_demo/30-03-2020/pizzapan-liberty-demo_Free/1781439321/web/assets/images/t3.jpg]
[p.w3layouts.com/demos_new/template_demo/30-03-2020/pizzapan-liberty-demo_Free/1781439321/web/assets/images/author.jpg]
[p.w3layouts.com/demos_new/template_demo/30-03-2020/pizzapan-liberty-demo_Free/1781439321/web/blog-single.html]
[p.w3layouts.com/demos_new/template_demo/30-03-2020/pizzapan-liberty-demo_Free/1781439321/web/contact.html]
[www.google-analytics.com/analytics.js]
[www.carbonads.net/ac/fancybar.487292.delayed]
[p.w3layouts.com/demos_new/template_demo/30-03-2020/pizzapan-liberty-demo_Free/1781439321/web/blog1.html]
[p.w3layouts.com/demos_new/template_demo/30-03-2020/pizzapan-liberty-demo_Free/1781439321/web/assets/fonts/fontawesome-webfont3e6e.svg]
[p.w3layouts.com/demos_new/template_demo/30-03-2020/pizzapan-liberty-demo_Free/1781439321/web/assets/images/slide4.html]
[p.w3layouts.com/demos_new/template_demo/30-03-2020/pizzapan-liberty-demo_Free/1781439321/web/assets/images/slide5.html]
[p.w3layouts.com/demos_new/template_demo/30-03-2020/pizzapan-liberty-demo_Free/1781439321/web/assets/images/slide1.html]
[p.w3layouts.com/demos_new/template_demo/30-03-2020/pizzapan-liberty-demo_Free/1781439321/web/assets/images/slide2.html]
[p.w3layouts.com/demos_new/template_demo/30-03-2020/pizzapan-liberty-demo_Free/1781439321/web/assets/images/slide3.html]
[p.w3layouts.com/demos_new/template_demo/30-03-2020/pizzapan-liberty-demo_Free/1781439321/web/assets/css/owl.video.play.html]
[p.w3layouts.com/demos_new/template_demo/30-03-2020/pizzapan-liberty-demo_Free/1781439321/web/assets/images/loading.html]
[p.w3layouts.com/demos_new/template_demo/30-03-2020/pizzapan-liberty-demo_Free/1781439321/web/assets/images/team.html]
[p.w3layouts.com/demos_new/template_demo/30-03-2020/pizzapan-liberty-demo_Free/1781439321/web/assets/images/c11-bg.html]
[www.carbonads.net/ac/fancybar7292.html]
